0 info it worked if it ends with ok
1 verbose cli [ '/home/travis/.nvm/versions/node/v6.12.3/bin/node',
1 verbose cli   '/home/travis/.nvm/versions/node/v6.12.3/bin/npm',
1 verbose cli   'run',
1 verbose cli   'build' ]
2 info using npm@3.10.10
3 info using node@v6.12.3
4 verbose run-script [ 'prebuild', 'build', 'postbuild' ]
5 info lifecycle chat.susi.ai@0.1.0~prebuild: chat.susi.ai@0.1.0
6 silly lifecycle chat.susi.ai@0.1.0~prebuild: no script for prebuild, continuing
7 info lifecycle chat.susi.ai@0.1.0~build: chat.susi.ai@0.1.0
8 verbose lifecycle chat.susi.ai@0.1.0~build: unsafe-perm in lifecycle true
9 verbose lifecycle chat.susi.ai@0.1.0~build: PATH: /home/travis/.nvm/versions/node/v6.12.3/lib/node_modules/npm/bin/node-gyp-bin:/home/travis/build/fossasia/chat.susi.ai/repo/node_modules/.bin:/home/travis/.rvm/gems/ruby-2.4.1/bin:/home/travis/.rvm/gems/ruby-2.4.1@global/bin:/home/travis/.rvm/rubies/ruby-2.4.1/bin:/home/travis/.rvm/bin:./node_modules/.bin:/home/travis/bin:/home/travis/.local/bin:/opt/pyenv/shims:/home/travis/.phpenv/shims:/home/travis/perl5/perlbrew/bin:/home/travis/.nvm/versions/node/v6.12.3/bin:/home/travis/.kiex/elixirs/elixir-1.4.5/bin:/home/travis/.kiex/bin:/home/travis/gopath/bin:/home/travis/.gimme/versions/go1.7.4.linux.amd64/bin:/usr/local/phantomjs/bin:/usr/local/phantomjs:/usr/local/neo4j-3.2.7/bin:/usr/local/maven-3.5.2/bin:/usr/local/cmake-3.9.2/bin:/usr/local/clang-5.0.0/bin:/usr/local/sbin:/usr/local/bin:/usr/sbin:/usr/bin:/sbin:/bin:/home/travis/.phpenv/bin:/opt/pyenv/bin:/home/travis/.yarn/bin
10 verbose lifecycle chat.susi.ai@0.1.0~build: CWD: /home/travis/build/fossasia/chat.susi.ai/repo
11 silly lifecycle chat.susi.ai@0.1.0~build: Args: [ '-c', 'react-scripts build' ]
12 info lifecycle chat.susi.ai@0.1.0~build: Failed to exec build script
13 verbose stack Error: chat.susi.ai@0.1.0 build: `react-scripts build`
13 verbose stack spawn ENOENT
13 verbose stack     at ChildProcess.<anonymous> (/home/travis/.nvm/versions/node/v6.12.3/lib/node_modules/npm/lib/utils/spawn.js:33:16)
13 verbose stack     at emitTwo (events.js:106:13)
13 verbose stack     at ChildProcess.emit (events.js:191:7)
13 verbose stack     at maybeClose (internal/child_process.js:920:16)
13 verbose stack     at Process.ChildProcess._handle.onexit (internal/child_process.js:230:5)
14 verbose pkgid chat.susi.ai@0.1.0
15 verbose cwd /home/travis/build/fossasia/chat.susi.ai/repo
16 error Linux 4.4.0-101-generic
17 error argv "/home/travis/.nvm/versions/node/v6.12.3/bin/node" "/home/travis/.nvm/versions/node/v6.12.3/bin/npm" "run" "build"
18 error node v6.12.3
19 error npm  v3.10.10
20 error file sh
21 error code ELIFECYCLE
22 error errno ENOENT
23 error syscall spawn
24 error chat.susi.ai@0.1.0 build: `react-scripts build`
24 error spawn ENOENT
25 error Failed at the chat.susi.ai@0.1.0 build script 'react-scripts build'.
25 error Make sure you have the latest version of node.js and npm installed.
25 error If you do, this is most likely a problem with the chat.susi.ai package,
25 error not with npm itself.
25 error Tell the author that this fails on your system:
25 error     react-scripts build
25 error You can get information on how to open an issue for this project with:
25 error     npm bugs chat.susi.ai
25 error Or if that isn't available, you can get their info via:
25 error     npm owner ls chat.susi.ai
25 error There is likely additional logging output above.
26 verbose exit [ 1, true ]
